{"addr": "BC:6A:29:AC:5B:09", "baro": [25.92, 1047.43], "time": 1465822307117}
{"accl": [0.5, -0.4375, 1.015625], "addr": "BC:6A:29:AC:5B:09", "t006": 21.242955603988946, "baro": [25.92, 1058.2], "time": 1465822308160, "humd": [26.212046508789065, 57.9801025390625]}
{"accl": [0.015625, 0.125, 1.015625], "addr": "BC:6A:29:AC:5B:09", "t006": 21.19519535053348, "baro": [25.96, 1058.26], "time": 1465822309280, "humd": [26.12356445312499, 57.80462646484375], "magn": [-26.30615234375, 37.17041015625, -69.122314453125]}
{"accl": [0.046875, 0.125, 1.0], "addr": "BC:6A:29:AC:5B:09", "t006": 19.9453286604637, "baro": [25.96, 1058.46], "time": 1465822310331, "humd": [26.209365234374992, 57.74359130859375], "magn": [-26.30615234375, 37.17041015625, -69.122314453125]}
{"accl": [0.046875, 0.109375, 1.0], "addr": "BC:6A:29:AC:5B:09", "t006": 19.800097899349225, "baro": [25.96, 1058.46], "time": 1465822311380, "humd": [26.209365234374992, 57.71307373046875], "magn": [-26.2451171875, 37.261962890625, -69.2138671875]}
{"accl": [0.0625, 0.125, 1.015625], "addr": "BC:6A:29:AC:5B:09", "t006": 19.969513163898057, "baro": [25.96, 1058.55], "time": 1465822312500, "humd": [26.212046508789065, 57.65203857421875], "magn": [-26.2451171875, 37.261962890625, -69.2138671875]}
{"accl": [0.046875, 0.140625, 1.015625], "addr": "BC:6A:29:AC:5B:09", "t006": 19.678909850372293, "baro": [25.93, 1058.5], "time": 1465822313550, "humd": [26.209365234374992, 57.65203857421875], "magn": [-26.18408203125, 37.353515625, -69.2138671875]}
{"accl": [0.03125, 0.140625, 1.03125], "addr": "BC:6A:29:AC:5B:09", "t006": 20.017864524019785, "baro": [25.93, 1058.39], "time": 1465822314671, "humd": [26.209365234374992, 57.65203857421875], "magn": [-26.458740234375, 37.200927734375, -69.122314453125]}
{"accl": [0.046875, 0.125, 1.015625], "addr": "BC:6A:29:AC:5B:09", "t006": 19.921138270271626, "baro": [25.95, 1058.41], "time": 1465822315720, "humd": [26.209365234374992, 57.65203857421875], "magn": [-26.458740234375, 37.200927734375, -69.122314453125]}
{"accl": [0.03125, 0.109375, 1.0], "addr": "BC:6A:29:AC:5B:09", "t006": 19.89694198993641, "baro": [25.95, 1058.13], "time": 1465822316840, "humd": [26.209365234374992, 57.65203857421875], "magn": [-26.336669921875, 37.261962890625, -69.244384765625]}
{"accl": [0.0625, 0.140625, 1.015625], "addr": "BC:6A:29:AC:5B:09", "t006": 19.87273981606961, "baro": [25.94, 1058.11], "time": 1465822317891, "humd": [26.209365234374992, 57.65203857421875], "magn": [-26.336669921875, 37.261962890625, -69.244384765625]}
{"accl": [0.046875, 0.125, 1.03125], "addr": "BC:6A:29:AC:5B:09", "t006": 20.979990951615093, "baro": [25.94, 1058.16], "time": 1465822318941, "humd": [26.209365234374992, 57.65203857421875], "magn": [-26.397705078125, 37.29248046875, -69.183349609375]}
{"accl": [0.03125, 0.125, 1.015625], "addr": "BC:6A:29:AC:5B:09", "t006": 20.908152876462054, "baro": [25.94, 1058.16], "time": 1465822320060, "humd": [26.209365234374992, 57.65203857421875], "magn": [-26.397705078125, 37.29248046875, -69.183349609375]}
{"accl": [0.046875, 0.125, 1.015625], "addr": "BC:6A:29:AC:5B:09", "t006": 21.123512100973812, "baro": [25.94, 1057.94], "time": 1465822321110, "humd": [26.209365234374992, 57.65203857421875], "magn": [-26.275634765625, 37.261962890625, -69.427490234375]}
{"accl": [0.046875, 0.140625, 1.0], "addr": "BC:6A:29:AC:5B:09", "t006": 20.379752314055054, "baro": [25.95, 1057.96], "time": 1465822322230, "humd": [26.209365234374992, 57.65203857421875], "magn": [-26.275634765625, 37.261962890625, -69.427490234375]}
{"accl": [0.046875, 0.125, 1.0], "addr": "BC:6A:29:AC:5B:09", "t006": 20.017864524019785, "baro": [25.95, 1057.99], "time": 1465822323286, "humd": [26.212046508789065, 57.65203857421875], "magn": [-26.214599609375, 37.322998046875, -69.061279296875]}
{"accl": [0.046875, 0.140625, 1.015625], "addr": "BC:6A:29:AC:5B:09", "t006": 20.042031387462714, "baro": [25.98, 1058.06], "time": 1465822324399, "humd": [26.209365234374992, 57.5986328125], "magn": [-26.214599609375, 37.322998046875, -69.061279296875]}
{"accl": [0.046875, 0.125, 1.015625], "addr": "BC:6A:29:AC:5B:09", "t006": 19.99369178395699, "baro": [25.98, 1057.8], "time": 1465822325451, "humd": [26.209365234374992, 57.5986328125], "magn": [-26.214599609375, 37.200927734375, -68.9697265625]}
{"accl": [0.046875, 0.125, 1.015625], "addr": "BC:6A:29:AC:5B:09", "t006": 20.186909347789594, "baro": [25.94, 1057.71], "time": 1465822326570, "humd": [26.209365234374992, 57.5986328125], "magn": [-26.42822265625, 37.353515625, -69.51904296875]}
{"accl": [0.046875, 0.125, 1.015625], "addr": "BC:6A:29:AC:5B:09", "t006": 20.271198404242455, "baro": [25.94, 1057.63], "time": 1465822327620, "humd": [26.209365234374992, 57.5986328125], "magn": [-26.42822265625, 37.353515625, -69.51904296875]}
{"accl": [0.03125, 0.140625, 1.015625], "addr": "BC:6A:29:AC:5B:09", "t006": 20.090347497978655, "baro": [25.93, 1057.63], "time": 1465822328670, "humd": [26.209365234374992, 57.5986328125], "magn": [-26.3671875, 37.261962890625, -69.427490234375]}
{"accl": [0.046875, 0.125, 1.015625], "addr": "BC:6A:29:AC:5B:09", "t006": 20.186909347789594, "baro": [25.93, 1057.63], "time": 1465822329796, "humd": [26.209365234374992, 57.5986328125], "magn": [-26.3671875, 37.261962890625, -69.427490234375]}
{"accl": [0.03125, 0.125, 1.015625], "addr": "BC:6A:29:AC:5B:09", "t006": 20.355667370481797, "baro": [25.93, 1057.61], "time": 1465822330840, "humd": [26.212046508789065, 57.5986328125], "magn": [-26.275634765625, 37.139892578125, -69.183349609375]}
{"accl": [0.046875, 0.140625, 1.015625], "addr": "BC:6A:29:AC:5B:09", "t006": 20.066192377658922, "baro": [25.93, 1057.38], "time": 1465822331959, "humd": [26.209365234374992, 57.53759765625], "magn": [-26.275634765625, 37.139892578125, -69.183349609375]}
{"accl": [0.046875, 0.125, 1.015625], "addr": "BC:6A:29:AC:5B:09", "t006": 20.548183967729926, "baro": [25.95, 1057.43], "time": 1465822333009, "humd": [26.209365234374992, 57.53759765625], "magn": [-26.336669921875, 37.261962890625, -69.39697265625]}
{"accl": [0.0625, 0.125, 1.015625], "addr": "BC:6A:29:AC:5B:09", "t006": 20.47603385822117, "baro": [25.95, 1057.29], "time": 1465822334130, "humd": [26.209365234374992, 57.53759765625], "magn": [-26.336669921875, 37.261962890625, -69.39697265625]}
{"accl": [0.046875, 0.125, 1.0], "addr": "BC:6A:29:AC:5B:09", "t006": 20.40383143128912, "baro": [25.92, 1057.24], "time": 1465822335179, "humd": [26.209365234374992, 57.53759765625], "magn": [-26.30615234375, 37.353515625, -69.51904296875]}
{"accl": [0.046875, 0.125, 1.03125], "addr": "BC:6A:29:AC:5B:09", "t006": 20.090347497978655, "baro": [25.92, 1057.07], "time": 1465822336230, "humd": [26.209365234374992, 57.53759765625], "magn": [-26.30615234375, 37.353515625, -69.51904296875]}
{"accl": [0.046875, 0.125, 1.015625], "addr": "BC:6A:29:AC:5B:09", "t006": 20.25926926613164, "baro": [25.95, 1057.12], "time": 1465822337352, "humd": [26.209365234374992, 57.53759765625], "magn": [-26.336669921875, 37.261962890625, -69.03076171875]}
{"accl": [0.03125, 0.125, 1.015625], "addr": "BC:6A:29:AC:5B:09", "t006": 20.56006132335426, "baro": [25.95, 1056.98], "time": 1465822338400, "humd": [26.212046508789065, 57.53759765625], "magn": [-26.336669921875, 37.261962890625, -69.03076171875]}
{"accl": [0.046875, 0.125, 1.015625], "addr": "BC:6A:29:AC:5B:09", "t006": 20.8480889261715, "baro": [25.96, 1057.02], "time": 1465822339519, "humd": [26.209365234374992, 57.53759765625], "magn": [-26.18408203125, 37.261962890625, -69.27490234375]}
{"accl": [0.046875, 0.125, 1.015625], "addr": "BC:6A:29:AC:5B:09", "t006": 20.668318132158674, "baro": [25.96, 1056.94], "time": 1465822340570, "humd": [26.209365234374992, 57.4765625], "magn": [-26.30615234375, 37.29248046875, -69.183349609375]}
{"accl": [0.03125, 0.125, 1.015625], "addr": "BC:6A:29:AC:5B:09", "t006": 20.500089703348692, "baro": [25.95, 1056.89], "time": 1465822341692, "humd": [26.209365234374992, 57.4765625], "magn": [-26.30615234375, 37.29248046875, -69.183349609375]}
{"accl": [0.046875, 0.125, 1.0], "addr": "BC:6A:29:AC:5B:09", "t006": 19.7758721174103, "baro": [25.95, 1056.78], "time": 1465822342739, "humd": [26.209365234374992, 57.4765625], "magn": [-26.30615234375, 37.200927734375, -69.27490234375]}
{"accl": [0.046875, 0.140625, 1.0], "addr": "BC:6A:29:AC:5B:09", "t006": 19.9453286604637, "baro": [25.94, 1056.76], "time": 1465822343790, "humd": [26.209365234374992, 57.4765625], "magn": [-26.30615234375, 37.200927734375, -69.27490234375]}
{"accl": [0.046875, 0.125, 1.015625], "addr": "BC:6A:29:AC:5B:09", "t006": 20.114496751789034, "baro": [25.94, 1056.53], "time": 1465822344910, "humd": [26.209365234374992, 57.4765625], "magn": [-26.42822265625, 37.261962890625, -69.000244140625]}
{"accl": [0.046875, 0.125, 1.0], "addr": "BC:6A:29:AC:5B:09", "t006": 19.969513163898057, "baro": [25.93, 1056.53], "time": 1465822345961, "humd": [26.209365234374992, 57.41552734375], "magn": [-26.42822265625, 37.261962890625, -69.000244140625]}
{"accl": [0.046875, 0.125, 1.015625], "addr": "BC:6A:29:AC:5B:09", "t006": 19.58185279661916, "baro": [25.93, 1056.31], "time": 1465822347087, "humd": [26.209365234374992, 57.41552734375], "magn": [-26.3671875, 37.2314453125, -68.9697265625]}
{"accl": [0.046875, 0.125, 1.0], "addr": "BC:6A:29:AC:5B:09", "t006": 19.969513163898057, "baro": [25.93, 1056.31], "time": 1465822348130, "humd": [26.209365234374992, 57.41552734375], "magn": [-26.3671875, 37.2314453125, -68.9697265625]}
{"accl": [0.046875, 0.125, 1.015625], "addr": "BC:6A:29:AC:5B:09", "t006": 19.484700737022195, "baro": [25.93, 1056.14], "time": 1465822349256, "humd": [26.209365234374992, 57.41552734375], "magn": [-26.2451171875, 37.200927734375, -69.305419921875]}
{"accl": [0.046875, 0.125, 1.03125], "addr": "BC:6A:29:AC:5B:09", "t006": 19.557573697094938, "baro": [25.94, 1056.14], "time": 1465822350299, "humd": [26.209365234374992, 57.41552734375], "magn": [-26.2451171875, 37.200927734375, -69.305419921875]}
{"accl": [0.03125, 0.125, 1.015625], "addr": "BC:6A:29:AC:5B:09", "t006": 19.99369178395699, "baro": [25.94, 1055.86], "time": 1465822351352, "humd": [26.209365234374992, 57.41552734375], "magn": [-26.30615234375, 37.200927734375, -69.2138671875]}
{"accl": [0.0625, 0.140625, 1.0], "addr": "BC:6A:29:AC:5B:09", "t006": 19.53328865627776, "baro": [25.94, 1055.86], "time": 1465822352471, "humd": [26.212046508789065, 57.41552734375], "magn": [-26.30615234375, 37.200927734375, -69.2138671875]}
{"accl": [0.046875, 0.125, 1.015625], "addr": "BC:6A:29:AC:5B:09", "t006": 19.50899767073281, "baro": [25.94, 1055.66], "time": 1465822353526, "humd": [26.209365234374992, 57.36212158203125], "magn": [-26.275634765625, 37.200927734375, -68.939208984375]}
{"accl": [0.046875, 0.125, 1.03125], "addr": "BC:6A:29:AC:5B:09", "t006": 19.751640424951574, "baro": [25.95, 1055.68], "time": 1465822354639, "humd": [26.209365234374992, 57.36212158203125], "magn": [-26.2451171875, 37.322998046875, -69.305419921875]}
{"accl": [0.046875, 0.125, 1.015625], "addr": "BC:6A:29:AC:5B:09", "t006": 19.50899767073281, "baro": [25.95, 1055.54], "time": 1465822355696, "humd": [26.209365234374992, 57.36212158203125], "magn": [-26.2451171875, 37.322998046875, -69.305419921875]}
{"accl": [0.0625, 0.125, 1.0], "addr": "BC:6A:29:AC:5B:09", "t006": 19.58185279661916, "baro": [25.93, 1055.5], "time": 1465822356809, "humd": [26.209365234374992, 57.36212158203125], "magn": [-26.4892578125, 37.17041015625, -69.610595703125]}
{"accl": [0.0625, 0.109375, 1.015625], "addr": "BC:6A:29:AC:5B:09", "t006": 19.82431777417213, "baro": [25.93, 1055.19], "time": 1465822357859, "humd": [26.209365234374992, 57.36212158203125], "magn": [-26.4892578125, 37.17041015625, -69.610595703125]}
{"accl": [0.046875, 0.125, 1.015625], "addr": "BC:6A:29:AC:5B:09", "t006": 19.58185279661916, "baro": [25.92, 1055.19], "time": 1465822358910, "humd": [26.209365234374992, 57.30108642578125], "magn": [-26.42822265625, 37.261962890625, -69.488525390625]}
{"accl": [0.046875, 0.125, 1.015625], "addr": "BC:6A:29:AC:5B:09", "t006": 19.654654481734667, "baro": [25.92, 1054.99], "time": 1465822360030, "humd": [26.209365234374992, 57.30108642578125], "magn": [-26.42822265625, 37.261962890625, -69.488525390625]}
{"accl": [0.046875, 0.140625, 1.015625], "addr": "BC:6A:29:AC:5B:09", "t006": 19.703159294844056, "baro": [25.94, 1055.01], "time": 1465822361079, "humd": [26.212046508789065, 57.30108642578125], "magn": [-26.3671875, 37.17041015625, -69.27490234375]}
{"accl": [0.046875, 0.125, 1.015625], "addr": "BC:6A:29:AC:5B:09", "t006": 19.58185279661916, "baro": [25.94, 1054.62], "time": 1465822362200, "humd": [26.209365234374992, 57.30108642578125], "magn": [-26.3671875, 37.17041015625, -69.27490234375]}
{"accl": [0.046875, 0.125, 1.0], "addr": "BC:6A:29:AC:5B:09", "t006": 19.50899767073281, "baro": [25.92, 1054.58], "time": 1465822363250, "humd": [26.209365234374992, 57.30108642578125], "magn": [-26.3671875, 37.200927734375, -69.122314453125]}
{"accl": [0.046875, 0.125, 1.0], "addr": "BC:6A:29:AC:5B:09", "t006": 19.53328865627776, "baro": [25.92, 1054.44], "time": 1465822364369, "humd": [26.209365234374992, 57.30108642578125], "magn": [-26.3671875, 37.200927734375, -69.122314453125]}
{"accl": [0.046875, 0.125, 1.0], "addr": "BC:6A:29:AC:5B:09", "t006": 19.7758721174103, "baro": [25.92, 1054.46], "time": 1465822365419, "humd": [26.209365234374992, 57.24005126953125], "magn": [-26.397705078125, 37.2314453125, -69.39697265625]}
{"accl": [0.046875, 0.125, 1.015625], "addr": "BC:6A:29:AC:5B:09", "t006": 19.727402818566134, "baro": [25.92, 1054.24], "time": 1465822366471, "humd": [26.209365234374992, 57.24005126953125], "magn": [-26.397705078125, 37.2314453125, -69.39697265625]}
{"accl": [0.046875, 0.125, 1.015625], "addr": "BC:6A:29:AC:5B:09", "t006": 19.606125958282007, "baro": [25.94, 1054.26], "time": 1465822367589, "humd": [26.209365234374992, 57.24005126953125], "magn": [-26.3671875, 37.109375, -68.756103515625]}
{"accl": [0.046875, 0.125, 1.0], "addr": "BC:6A:29:AC:5B:09", "t006": 19.751640424951574, "baro": [25.94, 1054.03], "time": 1465822368647, "humd": [26.212046508789065, 57.24005126953125], "magn": [-26.42822265625, 37.261962890625, -69.091796875]}
{"accl": [0.046875, 0.109375, 1.015625], "addr": "BC:6A:29:AC:5B:09", "t006": 19.41177421247096, "baro": [25.92, 1054.01], "time": 1465822369760, "humd": [26.209365234374992, 57.24005126953125], "magn": [-26.42822265625, 37.261962890625, -69.091796875]}
{"accl": [0.0625, 0.109375, 1.0], "addr": "BC:6A:29:AC:5B:09", "t006": 19.727402818566134, "baro": [25.92, 1053.7], "time": 1465822370816, "humd": [26.209365234374992, 57.24005126953125], "magn": [-26.42822265625, 37.109375, -69.091796875]}
{"accl": [0.046875, 0.125, 1.0], "addr": "BC:6A:29:AC:5B:09", "t006": 19.800097899349225, "baro": [25.99, 1053.85], "time": 1465822371929, "humd": [26.209365234374992, 57.17901611328125], "magn": [-26.42822265625, 37.109375, -69.091796875]}
{"accl": [0.046875, 0.125, 1.0], "addr": "BC:6A:29:AC:5B:09", "t006": 19.84853174527973, "baro": [25.99, 1053.63], "time": 1465822372980, "humd": [26.209365234374992, 57.17901611328125], "magn": [-26.458740234375, 37.2314453125, -69.122314453125]}
{"accl": [0.046875, 0.125, 1.015625], "addr": "BC:6A:29:AC:5B:09", "t006": 19.7758721174103, "baro": [25.94, 1053.5], "time": 1465822374100, "humd": [26.209365234374992, 57.17901611328125], "magn": [-26.458740234375, 37.2314453125, -69.122314453125]}
{"accl": [0.03125, 0.125, 1.0], "addr": "BC:6A:29:AC:5B:09", "t006": 19.678909850372293, "baro": [25.94, 1053.21], "time": 1465822375149, "humd": [26.212046508789065, 57.17901611328125], "magn": [-26.397705078125, 37.29248046875, -69.39697265625]}
{"accl": [0.046875, 0.125, 1.0], "addr": "BC:6A:29:AC:5B:09", "t006": 19.89694198993641, "baro": [25.92, 1053.17], "time": 1465822376200, "humd": [26.209365234374992, 57.17901611328125], "magn": [-26.397705078125, 37.29248046875, -69.39697265625]}
{"accl": [0.046875, 0.125, 1.0], "addr": "BC:6A:29:AC:5B:09", "t006": 19.678909850372293, "baro": [25.92, 1052.86], "time": 1465822377320, "humd": [26.209365234374992, 57.1256103515625], "magn": [-26.42822265625, 37.2314453125, -69.3359375]}
{"accl": [0.046875, 0.125, 1.0], "addr": "BC:6A:29:AC:5B:09", "t006": 19.678909850372293, "baro": [25.93, 1052.88], "time": 1465822378369, "humd": [26.209365234374992, 57.1256103515625], "magn": [-26.42822265625, 37.2314453125, -69.3359375]}
{"accl": [0.046875, 0.109375, 1.015625], "addr": "BC:6A:29:AC:5B:09", "t006": 20.42790472551195, "baro": [25.93, 1052.6], "time": 1465822379489, "humd": [26.209365234374992, 57.1256103515625], "magn": [-26.458740234375, 37.139892578125, -69.4580078125]}
{"accl": [0.03125, 0.109375, 1.015625], "addr": "BC:6A:29:AC:5B:09", "t006": 20.355667370481797, "baro": [25.9, 1052.54], "time": 1465822380541, "humd": [26.209365234374992, 57.1256103515625], "magn": [-26.3671875, 37.2314453125, -69.488525390625]}
{"accl": [0.046875, 0.140625, 1.03125], "addr": "BC:6A:29:AC:5B:09", "t006": 20.114496751789034, "baro": [25.9, 1052.28], "time": 1465822381659, "humd": [26.209365234374992, 57.1256103515625], "magn": [-26.3671875, 37.2314453125, -69.488525390625]}
{"accl": [0.046875, 0.125, 1.015625], "addr": "BC:6A:29:AC:5B:09", "t006": 20.4519722000486, "baro": [25.93, 1052.37], "time": 1465822382709, "humd": [26.212046508789065, 57.0645751953125], "magn": [-26.18408203125, 37.29248046875, -69.183349609375]}
{"accl": [0.046875, 0.125, 1.015625], "addr": "BC:6A:29:AC:5B:09", "t006": 20.42790472551195, "baro": [25.93, 1052.12], "time": 1465822383759, "humd": [26.209365234374992, 57.0645751953125], "magn": [-26.18408203125, 37.29248046875, -69.183349609375]}
{"accl": [0.046875, 0.125, 1.0], "addr": "BC:6A:29:AC:5B:09", "t006": 20.355667370481797, "baro": [25.92, 1052.1], "time": 1465822384880, "humd": [26.209365234374992, 57.0645751953125], "magn": [-26.30615234375, 37.17041015625, -69.122314453125]}
{"accl": [0.046875, 0.125, 1.015625], "addr": "BC:6A:29:AC:5B:09", "t006": 20.355667370481797, "baro": [25.92, 1051.65], "time": 1465822385935, "humd": [26.212046508789065, 57.0645751953125], "magn": [-26.30615234375, 37.17041015625, -69.122314453125]}
{"accl": [0.046875, 0.140625, 1.03125], "addr": "BC:6A:29:AC:5B:09", "t006": 20.331576597238325, "baro": [25.88, 1051.54], "time": 1465822387049, "humd": [26.209365234374992, 57.0645751953125], "magn": [-26.336669921875, 37.2314453125, -69.580078125]}
{"accl": [0.046875, 0.140625, 1.015625], "addr": "BC:6A:29:AC:5B:09", "t006": 20.235155140837435, "baro": [25.88, 1051.31], "time": 1465822388100, "humd": [26.209365234374992, 57.0645751953125], "magn": [-26.336669921875, 37.2314453125, -69.580078125]}
{"accl": [0.046875, 0.109375, 1.015625], "addr": "BC:6A:29:AC:5B:09", "t006": 20.283377548401745, "baro": [25.92, 1051.42], "time": 1465822389225, "humd": [26.209365234374992, 57.0645751953125], "magn": [-26.42822265625, 37.109375, -69.15283203125]}
{"accl": [0.046875, 0.125, 1.03125], "addr": "BC:6A:29:AC:5B:09", "t006": 20.4519722000486, "baro": [25.92, 1051.17], "time": 1465822390270, "humd": [26.209365234374992, 57.0645751953125], "magn": [-26.42822265625, 37.109375, -69.15283203125]}
{"accl": [0.046875, 0.109375, 1.0], "addr": "BC:6A:29:AC:5B:09", "t006": 20.090347497978655, "baro": [25.92, 1051.17], "time": 1465822391323, "humd": [26.212046508789065, 57.0645751953125], "magn": [-26.42822265625, 37.109375, -69.305419921875]}
{"accl": [0.046875, 0.140625, 1.046875], "addr": "BC:6A:29:AC:5B:09", "t006": 20.379752314055054, "baro": [25.92, 1050.75], "time": 1465822392440, "humd": [26.209365234374992, 57.0035400390625], "magn": [-26.42822265625, 37.109375, -69.305419921875]}
{"accl": [0.0, 0.109375, 1.015625], "addr": "BC:6A:29:AC:5B:09", "t006": 22.571065381849053, "baro": [25.89, 1050.68], "time": 1465822393490, "humd": [26.209365234374992, 57.0035400390625], "magn": [-23.040771484375, 36.62109375, -66.375732421875]}
{"accl": [0.0625, 0.109375, 1.0], "addr": "BC:6A:29:AC:5B:09", "t006": 21.242955603988946, "baro": [25.89, 1050.51], "time": 1465822394609, "humd": [26.209365234374992, 56.95013427734375], "magn": [-27.252197265625, 38.421630859375, -69.51904296875]}
{"accl": [0.046875, 0.125, 1.03125], "addr": "BC:6A:29:AC:5B:09", "t006": 21.123512100973812, "baro": [25.9, 1050.54], "time": 1465822395662, "humd": [26.209365234374992, 56.82806396484375], "magn": [-27.252197265625, 38.421630859375, -69.51904296875]}
{"accl": [0.046875, 0.109375, 1.0], "addr": "BC:6A:29:AC:5B:09", "t006": 21.219078333066307, "baro": [25.9, 1050.34], "time": 1465822396779, "humd": [26.209365234374992, 56.80517578125], "magn": [-27.16064453125, 38.299560546875, -70.159912109375]}
{"accl": [0.046875, 0.109375, 1.015625], "addr": "BC:6A:29:AC:5B:09", "t006": 20.979990951615093, "baro": [25.91, 1050.36], "time": 1465822397829, "humd": [26.209365234374992, 56.80517578125], "magn": [-27.16064453125, 38.299560546875, -70.159912109375]}
{"accl": [0.046875, 0.125, 1.015625], "addr": "BC:6A:29:AC:5B:09", "t006": 21.003925484270837, "baro": [25.91, 1050.11], "time": 1465822398886, "humd": [26.212046508789065, 56.80517578125], "magn": [-27.03857421875, 38.51318359375, -70.49560546875]}
{"accl": [0.0625, 0.125, 0.984375], "addr": "BC:6A:29:AC:5B:09", "t006": 21.027854276155608, "baro": [25.9, 1050.09], "time": 1465822399999, "humd": [26.209365234374992, 56.80517578125], "magn": [-27.03857421875, 38.51318359375, -70.49560546875]}
{"accl": [0.046875, 0.125, 1.0], "addr": "BC:6A:29:AC:5B:09", "t006": 20.860232062761554, "baro": [25.9, 1049.83], "time": 1465822401049, "humd": [26.209365234374992, 56.80517578125], "magn": [-27.099609375, 38.51318359375, -69.671630859375]}
{"accl": [0.046875, 0.125, 1.03125], "addr": "BC:6A:29:AC:5B:09", "t006": 20.788307631461464, "baro": [25.89, 1049.81], "time": 1465822402170, "humd": [26.209365234374992, 56.80517578125], "magn": [-27.099609375, 38.51318359375, -69.671630859375]}
{"accl": [0.046875, 0.125, 1.0], "addr": "BC:6A:29:AC:5B:09", "t006": 20.76432128506508, "baro": [25.89, 1049.67], "time": 1465822403219, "humd": [26.209365234374992, 56.82806396484375], "magn": [-27.130126953125, 38.482666015625, -69.88525390625]}
{"accl": [0.0625, 0.140625, 1.015625], "addr": "BC:6A:29:AC:5B:09", "t006": 20.979990951615093, "baro": [25.88, 1049.65], "time": 1465822404339, "humd": [26.212046508789065, 56.82806396484375], "magn": [-27.130126953125, 38.482666015625, -69.88525390625]}
{"accl": [0.046875, 0.125, 1.0], "addr": "BC:6A:29:AC:5B:09", "t006": 20.83626301703339, "baro": [25.88, 1049.4], "time": 1465822405389, "humd": [26.212046508789065, 56.80517578125], "magn": [-27.069091796875, 38.51318359375, -69.915771484375]}
{"accl": [0.0625, 0.125, 1.0], "addr": "BC:6A:29:AC:5B:09", "t006": 20.908152876462054, "baro": [25.9, 1049.42], "time": 1465822406441, "humd": [26.209365234374992, 56.80517578125], "magn": [-27.069091796875, 38.51318359375, -69.915771484375]}
{"accl": [0.046875, 0.140625, 1.0], "addr": "BC:6A:29:AC:5B:09", "t006": 20.500089703348692, "baro": [25.9, 1049.11], "time": 1465822407560, "humd": [26.209365234374992, 56.82806396484375], "magn": [-27.16064453125, 38.421630859375, -70.281982421875]}
{"accl": [0.046875, 0.140625, 1.0], "addr": "BC:6A:29:AC:5B:09", "t006": 20.65647192169655, "baro": [25.89, 1049.11], "time": 1465822408617, "humd": [26.209365234374992, 56.80517578125], "magn": [-27.16064453125, 38.57421875, -69.671630859375]}
{"accl": [0.046875, 0.125, 1.015625], "addr": "BC:6A:29:AC:5B:09", "t006": 21.016072138682944, "baro": [25.89, 1048.86], "time": 1465822409730, "humd": [26.209365234374992, 56.80517578125], "magn": [-27.16064453125, 38.57421875, -69.671630859375]}
{"accl": [0.046875, 0.125, 1.0], "addr": "BC:6A:29:AC:5B:09", "t006": 21.386099466152814, "baro": [25.9, 1048.85], "time": 1465822410780, "humd": [26.209365234374992, 56.80517578125], "magn": [-27.191162109375, 38.4521484375, -69.88525390625]}
{"accl": [0.0625, 0.140625, 1.015625], "addr": "BC:6A:29:AC:5B:09", "t006": 21.063921017084283, "baro": [25.9, 1048.46], "time": 1465822411905, "humd": [26.209365234374992, 56.80517578125], "magn": [-27.191162109375, 38.4521484375, -69.88525390625]}
{"accl": [0.046875, 0.125, 1.0], "addr": "BC:6A:29:AC:5B:09", "t006": 20.944255764349293, "baro": [25.88, 1048.44], "time": 1465822412949, "humd": [26.212046508789065, 56.80517578125], "magn": [-27.191162109375, 38.51318359375, -69.427490234375]}
{"accl": [0.0625, 0.125, 1.0], "addr": "BC:6A:29:AC:5B:09", "t006": 20.96820030103055, "baro": [25.88, 1048.27], "time": 1465822414000, "humd": [26.209365234374992, 56.80517578125], "magn": [-27.191162109375, 38.51318359375, -69.427490234375]}
{"accl": [0.0625, 0.140625, 1.015625], "addr": "BC:6A:29:AC:5B:09", "t006": 20.979990951615093, "baro": [25.9, 1048.29], "time": 1465822415119, "humd": [26.12356445312499, 56.80517578125], "magn": [-27.313232421875, 38.4521484375, -69.76318359375]}
{"accl": [0.0625, 0.140625, 1.015625], "addr": "BC:6A:29:AC:5B:09", "t006": 20.89634943897954, "baro": [25.9, 1048.01], "time": 1465822416170, "humd": [26.209365234374992, 56.80517578125], "magn": [-27.313232421875, 38.4521484375, -69.76318359375]}
{"accl": [0.0625, 0.125, 1.015625], "addr": "BC:6A:29:AC:5B:09", "t006": 21.016072138682944, "baro": [25.88, 1047.97], "time": 1465822417290, "humd": [26.209365234374992, 56.80517578125], "magn": [-27.28271484375, 38.4521484375, -69.88525390625]}
{"accl": [0.046875, 0.140625, 1.03125], "addr": "BC:6A:29:AC:5B:09", "t006": 21.087836854690806, "baro": [25.88, 1047.74], "time": 1465822418341, "humd": [26.12356445312499, 56.80517578125], "magn": [-27.28271484375, 38.4521484375, -69.88525390625]}
{"accl": [0.0625, 0.140625, 1.0], "addr": "BC:6A:29:AC:5B:09", "t006": 21.039999446164245, "baro": [25.89, 1047.79], "time": 1465822419459, "humd": [26.12356445312499, 56.80517578125], "magn": [-27.130126953125, 38.482666015625, -70.068359375]}
{"accl": [0.046875, 0.125, 1.015625], "addr": "BC:6A:29:AC:5B:09", "t006": 20.92030547808639, "baro": [25.89, 1047.59], "time": 1465822420509, "humd": [26.12356445312499, 56.80517578125], "magn": [-27.130126953125, 38.482666015625, -70.068359375]}
{"accl": [0.046875, 0.109375, 1.015625], "addr": "BC:6A:29:AC:5B:09", "t006": 21.111746962228892, "baro": [25.89, 1047.57], "time": 1465822421559, "humd": [26.12356445312499, 56.80517578125], "magn": [-27.252197265625, 38.604736328125, -69.82421875]}
{"accl": [0.046875, 0.109375, 1.015625], "addr": "BC:6A:29:AC:5B:09", "t006": 20.89634943897954, "baro": [25.89, 1047.31], "time": 1465822422686, "humd": [26.12356445312499, 56.80517578125], "magn": [-27.252197265625, 38.543701171875, -69.854736328125]}
{"accl": [0.03125, 0.125, 1.0], "addr": "BC:6A:29:AC:5B:09", "t006": 21.564954587255045, "baro": [25.88, 1047.32], "time": 1465822423729, "humd": [26.209365234374992, 56.744140625], "magn": [-27.252197265625, 38.543701171875, -69.854736328125]}
{"accl": [0.0625, 0.140625, 1.015625], "addr": "BC:6A:29:AC:5B:09", "t006": 21.731409066651224, "baro": [25.88, 1047.09], "time": 1465822424849, "humd": [26.12356445312499, 56.744140625], "magn": [-27.16064453125, 38.543701171875, -69.76318359375]}
{"accl": [0.046875, 0.125, 1.015625], "addr": "BC:6A:29:AC:5B:09", "t006": 21.37438088581024, "baro": [25.89, 1047.09], "time": 1465822425899, "humd": [26.12356445312499, 56.744140625], "magn": [-27.16064453125, 38.543701171875, -69.76318359375]}
{"accl": [0.046875, 0.125, 1.015625], "addr": "BC:6A:29:AC:5B:09", "t006": 21.32668061098542, "baro": [25.89, 1046.81], "time": 1465822427019, "humd": [26.209365234374992, 56.744140625], "magn": [-27.130126953125, 38.4521484375, -69.732666015625]}
{"accl": [0.046875, 0.125, 0.984375], "addr": "BC:6A:29:AC:5B:09", "t006": 21.49353203028653, "baro": [25.89, 1046.83], "time": 1465822428069, "humd": [26.12356445312499, 56.744140625], "magn": [-27.130126953125, 38.4521484375, -69.732666015625]}
{"accl": [0.046875, 0.125, 1.015625], "addr": "BC:6A:29:AC:5B:09", "t006": 21.636326152278684, "baro": [25.89, 1046.66], "time": 1465822429120, "humd": [26.126245727539064, 56.744140625], "magn": [-27.2216796875, 38.57421875, -70.00732421875]}
{"accl": [0.046875, 0.125, 1.015625], "addr": "BC:6A:29:AC:5B:09", "t006": 21.802661984225836, "baro": [25.88, 1046.64], "time": 1465822430240, "humd": [26.12356445312499, 56.744140625], "magn": [-27.2216796875, 38.57421875, -70.00732421875]}
{"accl": [0.0625, 0.125, 1.015625], "addr": "BC:6A:29:AC:5B:09", "t006": 21.873864195386545, "baro": [25.88, 1046.47], "time": 1465822431291, "humd": [26.12356445312499, 56.744140625], "magn": [-27.252197265625, 38.604736328125, -69.976806640625]}
{"accl": [0.046875, 0.125, 1.03125], "addr": "BC:6A:29:AC:5B:09", "t006": 21.94501578530344, "baro": [25.89, 1046.49], "time": 1465822432410, "humd": [26.12356445312499, 56.744140625], "magn": [-27.252197265625, 38.604736328125, -69.976806640625]}
{"accl": [0.046875, 0.140625, 1.015625], "addr": "BC:6A:29:AC:5B:09", "t006": 22.300017381524412, "baro": [25.89, 1046.3], "time": 1465822433461, "humd": [26.12356445312499, 56.744140625], "magn": [-27.313232421875, 38.482666015625, -69.976806640625]}
{"accl": [0.046875, 0.125, 1.0], "addr": "BC:6A:29:AC:5B:09", "t006": 22.700838487027454, "baro": [25.91, 1046.32], "time": 1465822434579, "humd": [26.12356445312499, 56.744140625], "magn": [-27.2216796875, 38.665771484375, -70.12939453125]}
{"accl": [0.0625, 0.125, 1.03125], "addr": "BC:6A:29:AC:5B:09", "t006": 22.724366407970706, "baro": [25.91, 1046.12], "time": 1465822435630, "humd": [26.126245727539064, 56.744140625], "magn": [-27.2216796875, 38.665771484375, -70.12939453125]}
{"accl": [0.046875, 0.125, 1.0], "addr": "BC:6A:29:AC:5B:09", "t006": 22.55955501842061, "baro": [25.89, 1046.08], "time": 1465822436749, "humd": [26.12356445312499, 56.744140625], "magn": [-27.252197265625, 38.665771484375, -69.88525390625]}
{"accl": [0.046875, 0.125, 1.015625], "addr": "BC:6A:29:AC:5B:09", "t006": 22.488838611455378, "baro": [25.89, 1045.85], "time": 1465822437799, "humd": [26.12356445312499, 56.744140625], "magn": [-27.252197265625, 38.665771484375, -69.88525390625]}
{"accl": [0.0625, 0.125, 1.015625], "addr": "BC:6A:29:AC:5B:09", "t006": 22.630221616005258, "baro": [25.86, 1045.79], "time": 1465822438850, "humd": [26.12356445312499, 56.68310546875], "magn": [-27.16064453125, 38.57421875, -69.854736328125]}
{"accl": [0.0625, 0.125, 1.0], "addr": "BC:6A:29:AC:5B:09", "t006": 22.606671612735965, "baro": [25.86, 1045.68], "time": 1465822439970, "humd": [26.12356445312499, 56.68310546875], "magn": [-27.16064453125, 38.57421875, -69.854736328125]}
{"accl": [0.046875, 0.109375, 1.015625], "addr": "BC:6A:29:AC:5B:09", "t006": 22.512416286607163, "baro": [25.87, 1045.7], "time": 1465822441019, "humd": [26.12356445312499, 56.68310546875], "magn": [-27.28271484375, 38.665771484375, -69.732666015625]}
{"accl": [0.0625, 0.140625, 1.015625], "addr": "BC:6A:29:AC:5B:09", "t006": 22.583116081230173, "baro": [25.87, 1045.5], "time": 1465822442140, "humd": [26.12356445312499, 56.68310546875], "magn": [-27.28271484375, 38.665771484375, -69.732666015625]}
{"accl": [0.046875, 0.125, 1.0], "addr": "BC:6A:29:AC:5B:09", "t006": 22.488838611455378, "baro": [25.87, 1045.52], "time": 1465822443190, "humd": [26.126245727539064, 56.68310546875], "magn": [-27.374267578125, 38.63525390625, -70.037841796875]}
{"accl": [0.0625, 0.125, 1.015625], "addr": "BC:6A:29:AC:5B:09", "t006": 22.653766094102707, "baro": [25.87, 1045.38], "time": 1465822444309, "humd": [26.12356445312499, 56.68310546875], "magn": [-27.374267578125, 38.63525390625, -70.037841796875]}
{"accl": [0.046875, 0.125, 1.015625], "addr": "BC:6A:29:AC:5B:09", "t006": 22.677305050090354, "baro": [25.87, 1045.36], "time": 1465822445359, "humd": [26.12356445312499, 56.68310546875], "magn": [-27.252197265625, 38.4521484375, -70.098876953125]}
{"accl": [0.046875, 0.125, 1.0], "addr": "BC:6A:29:AC:5B:09", "t006": 22.55955501842061, "baro": [25.87, 1045.13], "time": 1465822446409, "humd": [26.12356445312499, 56.68310546875], "magn": [-27.252197265625, 38.4521484375, -70.098876953125]}
{"accl": [0.046875, 0.125, 1.015625], "addr": "BC:6A:29:AC:5B:09", "t006": 22.606671612735965, "baro": [25.86, 1045.14], "time": 1465822447529, "humd": [26.12356445312499, 56.68310546875], "magn": [-27.313232421875, 38.51318359375, -70.068359375]}
{"accl": [0.046875, 0.125, 1.03125], "addr": "BC:6A:29:AC:5B:09", "t006": 22.677305050090354, "baro": [25.86, 1044.88], "time": 1465822448586, "humd": [26.12356445312499, 56.68310546875], "magn": [-27.191162109375, 38.57421875, -69.915771484375]}
{"accl": [0.046875, 0.125, 1.0], "addr": "BC:6A:29:AC:5B:09", "t006": 22.700838487027454, "baro": [25.86, 1044.88], "time": 1465822449706, "humd": [26.12356445312499, 56.62969970703125], "magn": [-27.191162109375, 38.57421875, -69.915771484375]}
{"accl": [0.0625, 0.125, 1.0], "addr": "BC:6A:29:AC:5B:09", "t006": 22.583116081230173, "baro": [25.86, 1044.77], "time": 1465822450749, "humd": [26.12356445312499, 56.62969970703125], "magn": [-27.28271484375, 38.482666015625, -69.88525390625]}
{"accl": [0.0625, 0.125, 1.015625], "addr": "BC:6A:29:AC:5B:09", "t006": 22.677305050090354, "baro": [25.86, 1044.77], "time": 1465822451869, "humd": [26.12356445312499, 56.62969970703125], "magn": [-27.28271484375, 38.482666015625, -69.88525390625]}
{"accl": [0.046875, 0.140625, 1.0], "addr": "BC:6A:29:AC:5B:09", "t006": 22.677305050090354, "baro": [25.86, 1044.57], "time": 1465822452920, "humd": [26.12356445312499, 56.62969970703125], "magn": [-27.34375, 38.665771484375, -70.00732421875]}
{"accl": [0.0625, 0.125, 1.0], "addr": "BC:6A:29:AC:5B:09", "t006": 22.465255392703625, "baro": [25.85, 1044.55], "time": 1465822454045, "humd": [26.12356445312499, 56.62969970703125], "magn": [-27.34375, 38.665771484375, -70.00732421875]}
{"accl": [0.046875, 0.125, 1.015625], "addr": "BC:6A:29:AC:5B:09", "t006": 22.677305050090354, "baro": [25.85, 1044.38], "time": 1465822455089, "humd": [26.12356445312499, 56.62969970703125], "magn": [-27.313232421875, 38.543701171875, -69.915771484375]}
{"accl": [0.0625, 0.125, 1.015625], "addr": "BC:6A:29:AC:5B:09", "t006": 22.677305050090354, "baro": [25.85, 1044.38], "time": 1465822456140, "humd": [26.12356445312499, 56.62969970703125], "magn": [-27.313232421875, 38.543701171875, -69.915771484375]}
{"accl": [0.046875, 0.140625, 1.0], "addr": "BC:6A:29:AC:5B:09", "t006": 22.700838487027454, "baro": [25.85, 1044.19], "time": 1465822457259, "humd": [26.12356445312499, 56.62969970703125], "magn": [-27.069091796875, 38.787841796875, -70.037841796875]}
{"accl": [0.046875, 0.125, 1.015625], "addr": "BC:6A:29:AC:5B:09", "t006": 22.747888815974136, "baro": [25.85, 1044.19], "time": 1465822458316, "humd": [26.126245727539064, 56.62969970703125], "magn": [-27.069091796875, 38.787841796875, -70.037841796875]}
{"accl": [0.046875, 0.125, 1.03125], "addr": "BC:6A:29:AC:5B:09", "t006": 22.888907662949464, "baro": [25.85, 1044.1], "time": 1465822459429, "humd": [26.126245727539064, 56.62969970703125], "magn": [-27.252197265625, 38.665771484375, -69.366455078125]}
{"accl": [0.0625, 0.125, 1.015625], "addr": "BC:6A:29:AC:5B:09", "t006": 21.755165678488765, "baro": [25.85, 1044.08], "time": 1465822460486, "humd": [26.12356445312499, 56.62969970703125], "magn": [-27.252197265625, 38.665771484375, -69.366455078125]}
{"accl": [0.0625, 0.140625, 1.0], "addr": "BC:6A:29:AC:5B:09", "t006": 21.94501578530344, "baro": [25.85, 1043.88], "time": 1465822461599, "humd": [26.12356445312499, 56.62969970703125], "magn": [-27.28271484375, 38.543701171875, -69.82421875]}
{"accl": [0.03125, 0.125, 1.0], "addr": "BC:6A:29:AC:5B:09", "t006": 21.183442936838674, "baro": [25.85, 1043.9], "time": 1465822462649, "humd": [26.12356445312499, 56.62969970703125], "magn": [-27.099609375, 38.665771484375, -70.00732421875]}
{"accl": [0.046875, 0.140625, 1.015625], "addr": "BC:6A:29:AC:5B:09", "t006": 22.205473225827916, "baro": [25.85, 1043.71], "time": 1465822463701, "humd": [26.12356445312499, 56.62969970703125], "magn": [-27.099609375, 38.665771484375, -70.00732421875]}
{"accl": [0.046875, 0.109375, 1.0], "addr": "BC:6A:29:AC:5B:09", "t006": 22.016116838922244, "baro": [25.84, 1043.69], "time": 1465822464820, "humd": [26.12356445312499, 56.56866455078125], "magn": [-27.099609375, 38.604736328125, -69.732666015625]}
{"accl": [0.046875, 0.109375, 1.015625], "addr": "BC:6A:29:AC:5B:09", "t006": 20.788656838141833, "baro": [25.84, 1043.43], "time": 1465822465869, "humd": [26.12356445312499, 56.56866455078125], "magn": [-27.099609375, 38.604736328125, -69.732666015625]}
{"accl": [0.0625, 0.125, 1.0], "addr": "BC:6A:29:AC:5B:09", "t006": 20.944255764349293, "baro": [25.85, 1043.46], "time": 1465822466988, "humd": [26.12356445312499, 56.62969970703125], "magn": [-27.16064453125, 38.665771484375, -69.88525390625]}
{"accl": [0.0625, 0.125, 1.0], "addr": "BC:6A:29:AC:5B:09", "t006": 22.689362357935238, "baro": [25.85, 1043.15], "time": 1465822468040, "humd": [26.12356445312499, 56.62969970703125], "magn": [-27.16064453125, 38.665771484375, -69.88525390625]}
{"accl": [0.046875, 0.140625, -0.453125], "addr": "BC:6A:29:AC:5B:09", "t006": 26.6690206692964, "baro": [25.85, 1043.12], "time": 1465822469159, "humd": [26.126245727539064, 56.56866455078125], "magn": [-27.862548828125, 43.792724609375, -92.315673828125]}
{"accl": [0.765625, 0.515625, -0.4375], "addr": "BC:6A:29:AC:5B:09", "t006": 26.714260575111666, "baro": [25.85, 1042.98], "time": 1465822470209, "humd": [26.12356445312499, 56.56866455078125], "magn": [-27.862548828125, 43.792724609375, -92.315673828125]}
{"accl": [0.890625, 0.203125, 0.421875], "addr": "BC:6A:29:AC:5B:09", "t006": 22.91239156566411, "baro": [25.85, 1043.01], "time": 1465822471259, "humd": [26.12356445312499, 56.62969970703125], "magn": [-15.93017578125, 37.994384765625, -66.95556640625]}
{"accl": [0.90625, -0.09375, 0.765625], "addr": "BC:6A:29:AC:5B:09", "t006": 19.872982371850696, "baro": [25.85, 1042.64], "time": 1465822472385, "humd": [26.12356445312499, 56.744140625], "magn": [-15.93017578125, 37.994384765625, -66.95556640625]}
{"accl": [0.1875, -0.796875, 0.203125], "addr": "BC:6A:29:AC:5B:09", "t006": 21.48184417192283, "baro": [25.86, 1042.66], "time": 1465822473429, "humd": [26.12356445312499, 56.82806396484375], "magn": [-19.287109375, 43.670654296875, -71.197509765625]}
{"accl": [-0.0625, -0.90625, -0.453125], "addr": "BC:6A:29:AC:5B:09", "t006": 22.90095221139609, "baro": [25.86, 1042.61], "time": 1465822474551, "humd": [26.12356445312499, 56.82806396484375], "magn": [-16.7236328125, 44.37255859375, -79.345703125]}
{"accl": [0.78125, -0.390625, 0.90625], "addr": "BC:6A:29:AC:5B:09", "t006": 22.453738197833786, "baro": [25.84, 1042.56], "time": 1465822475605, "humd": [26.12356445312499, 56.80517578125], "magn": [-16.7236328125, 44.37255859375, -79.345703125]}
{"accl": [-0.140625, -0.046875, 0.984375], "addr": "BC:6A:29:AC:5B:09", "t006": 23.06521450179946, "baro": [25.84, 1042.53], "time": 1465822476719, "humd": [26.12356445312499, 56.68310546875], "magn": [-27.862548828125, 39.459228515625, -70.25146484375]}
{"accl": [0.125, 0.125, 0.984375], "addr": "BC:6A:29:AC:5B:09", "t006": 24.554742642838903, "baro": [25.84, 1042.51], "time": 1465822477768, "humd": [26.12356445312499, 56.50762939453125], "magn": [-27.862548828125, 39.459228515625, -70.25146484375]}
{"accl": [0.140625, 0.140625, 1.015625], "addr": "BC:6A:29:AC:5B:09", "t006": 23.22920878262636, "baro": [25.84, 1042.26], "time": 1465822478819, "humd": [26.12356445312499, 56.3321533203125], "magn": [-27.313232421875, 38.726806640625, -69.64111328125]}
{"accl": [0.0625, 0.125, 1.0], "addr": "BC:6A:29:AC:5B:09", "t006": 19.800331950784425, "baro": [25.84, 1042.28], "time": 1465822479939, "humd": [26.12356445312499, 56.2100830078125], "magn": [-27.313232421875, 38.726806640625, -69.64111328125]}
{"accl": [0.046875, 0.125, 1.0], "addr": "BC:6A:29:AC:5B:09", "t006": 20.09061549195303, "baro": [25.84, 1042.11], "time": 1465822480988, "humd": [26.12356445312499, 56.15667724609375], "magn": [-27.28271484375, 38.9404296875, -70.068359375]}
{"accl": [0.046875, 0.125, 1.015625], "addr": "BC:6A:29:AC:5B:09", "t006": 20.018124051038285, "baro": [25.84, 1042.11], "time": 1465822482109, "humd": [26.12356445312499, 56.2100830078125], "magn": [-27.28271484375, 38.9404296875, -70.068359375]}
{"accl": [0.046875, 0.125, 1.0], "addr": "BC:6A:29:AC:5B:09", "t006": 20.114767565324996, "baro": [25.84, 1041.86], "time": 1465822483159, "humd": [26.12356445312499, 56.2100830078125], "magn": [-27.191162109375, 38.75732421875, -69.9462890625]}
{"accl": [0.046875, 0.125, 1.015625], "addr": "BC:6A:29:AC:5B:09", "t006": 20.1871886117562, "baro": [25.84, 1041.86], "time": 1465822484279, "humd": [26.12356445312499, 56.2100830078125], "magn": [-27.191162109375, 38.75732421875, -69.9462890625]}
{"accl": [0.03125, 0.125, 1.015625], "addr": "BC:6A:29:AC:5B:09", "t006": 20.114767565324996, "baro": [25.84, 1041.61], "time": 1465822485331, "humd": [26.12356445312499, 56.2711181640625], "magn": [-27.34375, 38.57421875, -70.159912109375]}
{"accl": [0.046875, 0.140625, 1.015625], "addr": "BC:6A:29:AC:5B:09", "t006": 20.259556968172205, "baro": [25.84, 1041.58], "time": 1465822486380, "humd": [26.12356445312499, 56.3321533203125], "magn": [-27.34375, 38.57421875, -70.159912109375]}
{"accl": [0.046875, 0.125, 1.015625], "addr": "BC:6A:29:AC:5B:09", "t006": 20.42821206851562, "baro": [25.84, 1041.36], "time": 1465822487500, "humd": [26.12356445312499, 56.3321533203125], "magn": [-27.34375, 38.665771484375, -69.976806640625]}
{"accl": [0.046875, 0.125, 1.015625], "addr": "BC:6A:29:AC:5B:09", "t006": 20.38005405217882, "baro": [25.84, 1041.36], "time": 1465822488550, "humd": [26.126245727539064, 56.3931884765625], "magn": [-27.130126953125, 38.787841796875, -69.793701171875]}
{"accl": [0.0625, 0.125, 1.015625], "addr": "BC:6A:29:AC:5B:09", "t006": 20.40413597253405, "baro": [25.84, 1041.16], "time": 1465822489669, "humd": [26.12356445312499, 56.3931884765625], "magn": [-27.130126953125, 38.787841796875, -69.793701171875]}
{"accl": [0.046875, 0.125, 1.015625], "addr": "BC:6A:29:AC:5B:09", "t006": 20.42821206851562, "baro": [25.84, 1041.18], "time": 1465822490725, "humd": [26.12356445312499, 56.3931884765625], "magn": [-27.252197265625, 38.57421875, -70.281982421875]}
{"accl": [0.046875, 0.140625, 1.015625], "addr": "BC:6A:29:AC:5B:09", "t006": 20.464489867891587, "baro": [25.84, 1040.99], "time": 1465822491838, "humd": [26.12356445312499, 56.3931884765625], "magn": [-27.252197265625, 38.57421875, -70.281982421875]}
{"accl": [0.046875, 0.125, 1.015625], "addr": "BC:6A:29:AC:5B:09", "t006": 20.584746494566332, "baro": [25.83, 1040.97], "time": 1465822492889, "humd": [26.12356445312499, 56.44659423828125], "magn": [-27.252197265625, 38.665771484375, -69.88525390625]}
{"accl": [0.046875, 0.125, 1.015625], "addr": "BC:6A:29:AC:5B:09", "t006": 20.54850529913142, "baro": [25.83, 1040.74], "time": 1465822493939, "humd": [26.12356445312499, 56.44659423828125], "magn": [-27.252197265625, 38.665771484375, -69.88525390625]}
{"accl": [0.0625, 0.125, 1.0], "addr": "BC:6A:29:AC:5B:09", "t006": 20.620611557435268, "baro": [25.84, 1040.76], "time": 1465822495059, "humd": [26.126245727539064, 56.44659423828125], "magn": [-27.16064453125, 38.6962890625, -70.098876953125]}
{"accl": [0.046875, 0.140625, 1.015625], "addr": "BC:6A:29:AC:5B:09", "t006": 20.464489867891587, "baro": [25.84, 1040.59], "time": 1465822496115, "humd": [26.126245727539064, 56.44659423828125], "magn": [-27.16064453125, 38.6962890625, -70.098876953125]}
{"accl": [0.046875, 0.125, 1.046875], "addr": "BC:6A:29:AC:5B:09", "t006": 20.60878040613852, "baro": [25.83, 1040.57], "time": 1465822497229, "humd": [26.12356445312499, 56.44659423828125], "magn": [-27.34375, 38.6962890625, -69.88525390625]}
{"accl": [0.046875, 0.125, 1.015625], "addr": "BC:6A:29:AC:5B:09", "t006": 20.63280852084057, "baro": [25.83, 1040.4], "time": 1465822498279, "humd": [26.12356445312499, 56.44659423828125], "magn": [-27.34375, 38.6962890625, -69.88525390625]}
{"accl": [0.046875, 0.125, 1.015625], "addr": "BC:6A:29:AC:5B:09", "t006": 20.512609945568897, "baro": [25.88, 1040.51], "time": 1465822499400, "humd": [26.12356445312499, 56.50762939453125], "magn": [-27.40478515625, 38.665771484375, -69.732666015625]}
{"accl": [0.046875, 0.125, 1.0], "addr": "BC:6A:29:AC:5B:09", "t006": 20.512609945568897, "baro": [25.88, 1040.37], "time": 1465822500449, "humd": [26.12356445312499, 56.50762939453125], "magn": [-27.40478515625, 38.665771484375, -69.732666015625]}
{"accl": [0.046875, 0.140625, 1.015625], "addr": "BC:6A:29:AC:5B:09", "t006": 20.560706782819466, "baro": [25.83, 1040.24], "time": 1465822501500, "humd": [26.12356445312499, 56.50762939453125], "magn": [-27.2216796875, 38.787841796875, -70.25146484375]}
{"accl": [0.0625, 0.125, 1.015625], "addr": "BC:6A:29:AC:5B:09", "t006": 20.584746494566332, "baro": [25.83, 1040.02], "time": 1465822502618, "humd": [26.12356445312499, 56.50762939453125], "magn": [-27.2216796875, 38.665771484375, -69.793701171875]}
{"accl": [0.0625, 0.140625, 1.0], "addr": "BC:6A:29:AC:5B:09", "t006": 20.560706782819466, "baro": [25.84, 1040.06], "time": 1465822503675, "humd": [26.126245727539064, 56.50762939453125], "magn": [-27.2216796875, 38.665771484375, -69.793701171875]}
{"accl": [0.046875, 0.140625, 1.0], "addr": "BC:6A:29:AC:5B:09", "t006": 20.704858116726314, "baro": [25.84, 1039.89], "time": 1465822504789, "humd": [26.12356445312499, 56.50762939453125], "magn": [-27.2216796875, 38.75732421875, -70.4345703125]}
{"accl": [0.046875, 0.125, 1.015625], "addr": "BC:6A:29:AC:5B:09", "t006": 20.512609945568897, "baro": [25.82, 1039.85], "time": 1465822505838, "humd": [26.12356445312499, 56.50762939453125], "magn": [-27.2216796875, 38.75732421875, -70.4345703125]}
{"accl": [0.046875, 0.140625, 1.0], "addr": "BC:6A:29:AC:5B:09", "t006": 20.60878040613852, "baro": [25.82, 1039.71], "time": 1465822506966, "humd": [26.12356445312499, 56.50762939453125], "magn": [-27.16064453125, 38.604736328125, -70.159912109375]}
{"accl": [0.046875, 0.140625, 1.0], "addr": "BC:6A:29:AC:5B:09", "t006": 20.848801237783903, "baro": [25.82, 1039.71], "time": 1465822508009, "humd": [26.12356445312499, 56.50762939453125], "magn": [-27.16064453125, 38.604736328125, -70.159912109375]}
{"accl": [0.046875, 0.140625, 1.0], "addr": "BC:6A:29:AC:5B:09", "t006": 20.68084737283732, "baro": [25.82, 1039.48], "time": 1465822509066, "humd": [26.12356445312499, 56.50762939453125], "magn": [-27.252197265625, 38.787841796875, -70.465087890625]}
{"accl": [0.046875, 0.109375, 1.0], "addr": "BC:6A:29:AC:5B:09", "t006": 20.41634652324484, "baro": [25.84, 1039.53], "time": 1465822510179, "humd": [26.12356445312499, 56.50762939453125], "magn": [-27.252197265625, 38.787841796875, -70.465087890625]}
{"accl": [0.046875, 0.125, 1.015625], "addr": "BC:6A:29:AC:5B:09", "t006": 20.68084737283732, "baro": [25.84, 1039.44], "time": 1465822511229, "humd": [26.126245727539064, 56.50762939453125], "magn": [-27.28271484375, 38.75732421875, -69.3359375]}
{"accl": [0.078125, 0.140625, 1.03125], "addr": "BC:6A:29:AC:5B:09", "t006": 20.60878040613852, "baro": [25.83, 1039.42], "time": 1465822512350, "humd": [26.12356445312499, 56.50762939453125], "magn": [-27.28271484375, 38.75732421875, -69.3359375]}
{"accl": [0.046875, 0.125, 1.0], "addr": "BC:6A:29:AC:5B:09", "t006": 20.728863076933578, "baro": [25.83, 1039.22], "time": 1465822513400, "humd": [26.12356445312499, 56.50762939453125], "magn": [-27.2216796875, 38.665771484375, -69.976806640625]}
{"accl": [0.0625, 0.125, 1.0], "addr": "BC:6A:29:AC:5B:09", "t006": 20.63280852084057, "baro": [25.87, 1039.31], "time": 1465822514521, "humd": [26.12356445312499, 56.50762939453125], "magn": [-27.2216796875, 38.665771484375, -69.976806640625]}
{"accl": [0.0625, 0.125, 1.015625], "addr": "BC:6A:29:AC:5B:09", "t006": 20.536661267590432, "baro": [25.87, 1039.17], "time": 1465822515569, "humd": [26.126245727539064, 56.50762939453125], "magn": [-27.252197265625, 38.726806640625, -70.12939453125]}
